{
  "RSpec": {
    "coverage": {
      "/home/avest/Ragnarson/DayIV/spec/unit/product_spec.rb": [
        1,
        null,
        1,
        null,
        1,
        null,
        1,
        1,
        1,
        null,
        null,
        null,
        1,
        1,
        1,
        null,
        null,
        null,
        1,
        1,
        1,
        null,
        null,
        null,
        1,
        1,
        1,
        null,
        null,
        null,
        1,
        1,
        1,
        null,
        null,
        null,
        1,
        1,
        1,
        null,
        null,
        null,
        1,
        1,
        1,
        null,
        null,
        null,
        null
      ],
      "/home/avest/Ragnarson/DayIV/lib/product.rb": [
        1,
        null,
        1,
        null,
        1,
        1,
        19,
        13,
        13,
        13,
        null,
        null,
        1,
        null,
        1,
        13,
        null,
        null,
        1,
        19,
        16,
        null,
        null,
        null,
        null
      ],
      "/home/avest/Ragnarson/DayIV/spec/unit/shop_basket_spec.rb": [
        1,
        1,
        1,
        null,
        1,
        null,
        1,
        1,
        1,
        1,
        null,
        null,
        null,
        null,
        1,
        1,
        1,
        1,
        null,
        null,
        null,
        1,
        1,
        1,
        1,
        null,
        null,
        1,
        1,
        1,
        1,
        null,
        null,
        null,
        1,
        1,
        1,
        1,
        null,
        null,
        null,
        1,
        1,
        1,
        1,
        1,
        null,
        null,
        1,
        1,
        1,
        1,
        1,
        null,
        null,
        null,
        1,
        1,
        1,
        1,
        1,
        null,
        null,
        null,
        1,
        1,
        1,
        1,
        1,
        1,
        null,
        null,
        null,
        1,
        1,
        1,
        1,
        1,
        1,
        null,
        null,
        null
      ],
      "/home/avest/Ragnarson/DayIV/lib/shop_basket.rb": [
        1,
        null,
        1,
        null,
        1,
        11,
        10,
        10,
        null,
        null,
        1,
        13,
        11,
        11,
        null,
        null,
        1,
        5,
        10,
        5,
        4,
        4,
        null,
        null,
        null,
        1,
        2,
        null,
        null,
        1,
        9,
        null,
        null,
        1,
        1,
        1,
        1,
        null,
        2,
        null,
        1,
        1,
        null,
        1,
        1,
        1,
        1,
        1,
        1,
        null,
        null
      ],
      "/home/avest/Ragnarson/DayIV/lib/warehouse.rb": [
        1,
        null,
        1,
        null,
        1,
        17,
        31,
        16,
        null,
        null,
        1,
        13,
        11,
        null,
        null,
        null,
        1,
        4,
        null,
        null,
        1,
        1,
        13,
        25,
        null,
        null,
        null
      ],
      "/home/avest/Ragnarson/DayIV/spec/unit/warehouse_spec.rb": [
        1,
        1,
        1,
        null,
        1,
        null,
        1,
        null,
        1,
        1,
        null,
        null,
        1,
        1,
        null,
        null,
        1,
        2,
        null,
        null,
        null,
        1,
        1,
        2,
        null,
        null,
        1,
        2,
        null,
        null,
        1,
        1,
        1,
        1,
        1,
        null,
        null,
        null,
        null,
        1,
        1,
        1,
        1,
        1,
        null,
        null,
        1,
        1,
        1,
        null,
        null,
        null
      ]
    },
    "timestamp": 1467971799
  }
}
